[2018-10-19 09:11:57.327] [main] [INFO ] com.basung.ecommerce.Application - Starting Application on wangyangdeMacBook.local with PID 29202 (/Users/wangyang/github/Java/ecommerce/application/target/classes started by wangyang in /Users/wangyang/github/Java/ecommerce)
[2018-10-19 09:11:57.332] [main] [INFO ] com.basung.ecommerce.Application - The following profiles are active: dev
[2018-10-19 09:11:57.449] [main] [INFO ] o.s.b.w.s.c.AnnotationConfigServletWebServerApplicationContext - Refreshing org.springframework.boot.web.servlet.context.AnnotationConfigServletWebServerApplicationContext@4f6ee6e4: startup date [Fri Oct 19 09:11:57 CST 2018]; root of context hierarchy
[2018-10-19 09:11:59.702] [main] [INFO ] o.s.d.r.config.RepositoryConfigurationDelegate - Multiple Spring Data modules found, entering strict repository configuration mode!
[2018-10-19 09:11:59.989] [main] [INFO ] o.s.d.r.config.RepositoryConfigurationDelegate - Multiple Spring Data modules found, entering strict repository configuration mode!
[2018-10-19 09:12:00.017] [main] [INFO ] o.s.d.r.c.RepositoryConfigurationExtensionSupport - Spring Data Redis - Could not safely identify store assignment for repository candidate interface com.basung.ecommerce.adminUser.AdminUserRepository.
[2018-10-19 09:12:00.019] [main] [INFO ] o.s.d.r.c.RepositoryConfigurationExtensionSupport - Spring Data Redis - Could not safely identify store assignment for repository candidate interface com.basung.ecommerce.file.VFileRepository.
[2018-10-19 09:12:00.019] [main] [INFO ] o.s.d.r.c.RepositoryConfigurationExtensionSupport - Spring Data Redis - Could not safely identify store assignment for repository candidate interface com.basung.ecommerce.loingLog.LoginLogRepository.
[2018-10-19 09:12:00.020] [main] [INFO ] o.s.d.r.c.RepositoryConfigurationExtensionSupport - Spring Data Redis - Could not safely identify store assignment for repository candidate interface com.basung.ecommerce.operationLog.OperationLogRepository.
[2018-10-19 09:12:00.020] [main] [INFO ] o.s.d.r.c.RepositoryConfigurationExtensionSupport - Spring Data Redis - Could not safely identify store assignment for repository candidate interface com.basung.ecommerce.permission.PermissionRepository.
[2018-10-19 09:12:00.021] [main] [INFO ] o.s.d.r.c.RepositoryConfigurationExtensionSupport - Spring Data Redis - Could not safely identify store assignment for repository candidate interface com.basung.ecommerce.role.RoleRepository.
[2018-10-19 09:12:00.021] [main] [INFO ] o.s.d.r.c.RepositoryConfigurationExtensionSupport - Spring Data Redis - Could not safely identify store assignment for repository candidate interface com.basung.ecommerce.rolePermission.RolePermissionRepository.
[2018-10-19 09:12:00.022] [main] [INFO ] o.s.d.r.c.RepositoryConfigurationExtensionSupport - Spring Data Redis - Could not safely identify store assignment for repository candidate interface com.basung.ecommerce.tenant.TenantRepository.
[2018-10-19 09:12:00.022] [main] [INFO ] o.s.d.r.c.RepositoryConfigurationExtensionSupport - Spring Data Redis - Could not safely identify store assignment for repository candidate interface com.basung.ecommerce.article.category.CategoryRepository.
[2018-10-19 09:12:00.023] [main] [INFO ] o.s.d.r.c.RepositoryConfigurationExtensionSupport - Spring Data Redis - Could not safely identify store assignment for repository candidate interface com.basung.ecommerce.article.news.NewsRepository.
[2018-10-19 09:12:00.845] [main] [INFO ] o.s.b.f.a.AutowiredAnnotationBeanPostProcessor - JSR-330 'javax.inject.Inject' annotation found and supported for autowiring
[2018-10-19 09:12:00.975] [main] [INFO ] o.s.c.s.PostProcessorRegistrationDelegate$BeanPostProcessorChecker - Bean 'shiroConfig' of type [com.basung.ecommerce.shiro.ShiroConfig$$EnhancerBySpringCGLIB$$e3648981] is not eligible for getting processed by all BeanPostProcessors (for example: not eligible for auto-proxying)
[2018-10-19 09:12:01.359] [main] [INFO ] o.s.c.s.PostProcessorRegistrationDelegate$BeanPostProcessorChecker - Bean '(inner bean)#4c59e45e' of type [org.springframework.beans.factory.config.PropertiesFactoryBean] is not eligible for getting processed by all BeanPostProcessors (for example: not eligible for auto-proxying)
[2018-10-19 09:12:01.359] [main] [INFO ] o.s.c.s.PostProcessorRegistrationDelegate$BeanPostProcessorChecker - Bean '(inner bean)#4c59e45e' of type [java.util.Properties] is not eligible for getting processed by all BeanPostProcessors (for example: not eligible for auto-proxying)
[2018-10-19 09:12:01.363] [main] [INFO ] o.s.c.s.PostProcessorRegistrationDelegate$BeanPostProcessorChecker - Bean '(inner bean)#664e5dee' of type [org.springframework.data.repository.core.support.PropertiesBasedNamedQueries] is not eligible for getting processed by all BeanPostProcessors (for example: not eligible for auto-proxying)
[2018-10-19 09:12:01.374] [main] [INFO ] o.s.c.s.PostProcessorRegistrationDelegate$BeanPostProcessorChecker - Bean '(inner bean)#1aac188d' of type [org.springframework.data.repository.core.support.RepositoryFragmentsFactoryBean] is not eligible for getting processed by all BeanPostProcessors (for example: not eligible for auto-proxying)
[2018-10-19 09:12:01.374] [main] [INFO ] o.s.c.s.PostProcessorRegistrationDelegate$BeanPostProcessorChecker - Bean '(inner bean)#1aac188d' of type [org.springframework.data.repository.core.support.RepositoryComposition$RepositoryFragments] is not eligible for getting processed by all BeanPostProcessors (for example: not eligible for auto-proxying)
[2018-10-19 09:12:01.382] [main] [INFO ] o.s.c.s.PostProcessorRegistrationDelegate$BeanPostProcessorChecker - Bean '(inner bean)#1ac45389' of type [org.springframework.data.repository.query.ExtensionAwareEvaluationContextProvider] is not eligible for getting processed by all BeanPostProcessors (for example: not eligible for auto-proxying)
[2018-10-19 09:12:01.445] [main] [INFO ] o.s.c.s.PostProcessorRegistrationDelegate$BeanPostProcessorChecker - Bean 'org.springframework.boot.context.properties.ConversionServiceDeducer$Factory' of type [org.springframework.boot.context.properties.ConversionServiceDeducer$Factory] is not eligible for getting processed by all BeanPostProcessors (for example: not eligible for auto-proxying)
[2018-10-19 09:12:01.447] [main] [INFO ] o.s.c.s.PostProcessorRegistrationDelegate$BeanPostProcessorChecker - Bean 'spring.cache-org.springframework.boot.autoconfigure.cache.CacheProperties' of type [org.springframework.boot.autoconfigure.cache.CacheProperties] is not eligible for getting processed by all BeanPostProcessors (for example: not eligible for auto-proxying)
[2018-10-19 09:12:01.454] [main] [INFO ] o.s.c.s.PostProcessorRegistrationDelegate$BeanPostProcessorChecker - Bean 'org.springframework.boot.autoconfigure.cache.CacheAutoConfiguration' of type [org.springframework.boot.autoconfigure.cache.CacheAutoConfiguration$$EnhancerBySpringCGLIB$$fc693dfd] is not eligible for getting processed by all BeanPostProcessors (for example: not eligible for auto-proxying)
[2018-10-19 09:12:01.464] [main] [INFO ] o.s.c.s.PostProcessorRegistrationDelegate$BeanPostProcessorChecker - Bean 'cacheManagerCustomizers' of type [org.springframework.boot.autoconfigure.cache.CacheManagerCustomizers] is not eligible for getting processed by all BeanPostProcessors (for example: not eligible for auto-proxying)
[2018-10-19 09:12:01.470] [main] [INFO ] o.s.c.s.PostProcessorRegistrationDelegate$BeanPostProcessorChecker - Bean 'org.springframework.boot.autoconfigure.cache.RedisCacheConfiguration' of type [org.springframework.boot.autoconfigure.cache.RedisCacheConfiguration$$EnhancerBySpringCGLIB$$acfada57] is not eligible for getting processed by all BeanPostProcessors (for example: not eligible for auto-proxying)
[2018-10-19 09:12:01.490] [main] [INFO ] o.s.c.s.PostProcessorRegistrationDelegate$BeanPostProcessorChecker - Bean 'spring.redis-org.springframework.boot.autoconfigure.data.redis.RedisProperties' of type [org.springframework.boot.autoconfigure.data.redis.RedisProperties] is not eligible for getting processed by all BeanPostProcessors (for example: not eligible for auto-proxying)
[2018-10-19 09:12:01.498] [main] [INFO ] o.s.c.s.PostProcessorRegistrationDelegate$BeanPostProcessorChecker - Bean 'org.springframework.boot.autoconfigure.data.redis.LettuceConnectionConfiguration' of type [org.springframework.boot.autoconfigure.data.redis.LettuceConnectionConfiguration$$EnhancerBySpringCGLIB$$d3fd0185] is not eligible for getting processed by all BeanPostProcessors (for example: not eligible for auto-proxying)
[2018-10-19 09:12:01.764] [main] [INFO ] o.s.c.s.PostProcessorRegistrationDelegate$BeanPostProcessorChecker - Bean 'lettuceClientResources' of type [io.lettuce.core.resource.DefaultClientResources] is not eligible for getting processed by all BeanPostProcessors (for example: not eligible for auto-proxying)
[2018-10-19 09:12:01.987] [main] [INFO ] o.s.c.s.PostProcessorRegistrationDelegate$BeanPostProcessorChecker - Bean 'redisConnectionFactory' of type [org.springframework.data.redis.connection.lettuce.LettuceConnectionFactory] is not eligible for getting processed by all BeanPostProcessors (for example: not eligible for auto-proxying)
[2018-10-19 09:12:02.030] [main] [INFO ] o.s.c.s.PostProcessorRegistrationDelegate$BeanPostProcessorChecker - Bean 'cacheManager' of type [org.springframework.data.redis.cache.RedisCacheManager] is not eligible for getting processed by all BeanPostProcessors (for example: not eligible for auto-proxying)
[2018-10-19 09:12:02.035] [main] [INFO ] o.s.c.s.PostProcessorRegistrationDelegate$BeanPostProcessorChecker - Bean 'com.alibaba.druid.spring.boot.autoconfigure.DruidDataSourceAutoConfigure' of type [com.alibaba.druid.spring.boot.autoconfigure.DruidDataSourceAutoConfigure$$EnhancerBySpringCGLIB$$d88f38ad] is not eligible for getting processed by all BeanPostProcessors (for example: not eligible for auto-proxying)
[2018-10-19 09:12:02.037] [main] [INFO ] c.a.d.s.b.a.DruidDataSourceAutoConfigure - Init DruidDataSource
[2018-10-19 09:12:02.112] [main] [INFO ] o.s.c.s.PostProcessorRegistrationDelegate$BeanPostProcessorChecker - Bean 'spring.datasource-org.springframework.boot.autoconfigure.jdbc.DataSourceProperties' of type [org.springframework.boot.autoconfigure.jdbc.DataSourceProperties] is not eligible for getting processed by all BeanPostProcessors (for example: not eligible for auto-proxying)
[2018-10-19 09:12:02.116] [main] [INFO ] o.s.c.s.PostProcessorRegistrationDelegate$BeanPostProcessorChecker - Bean 'com.alibaba.druid.spring.boot.autoconfigure.stat.DruidFilterConfiguration' of type [com.alibaba.druid.spring.boot.autoconfigure.stat.DruidFilterConfiguration] is not eligible for getting processed by all BeanPostProcessors (for example: not eligible for auto-proxying)
[2018-10-19 09:12:02.150] [main] [INFO ] o.s.c.s.PostProcessorRegistrationDelegate$BeanPostProcessorChecker - Bean 'statFilter' of type [com.alibaba.druid.filter.stat.StatFilter] is not eligible for getting processed by all BeanPostProcessors (for example: not eligible for auto-proxying)
[2018-10-19 09:12:03.115] [main] [INFO ] com.alibaba.druid.pool.DruidDataSource - {dataSource-1} inited
[2018-10-19 09:12:03.115] [main] [INFO ] o.s.c.s.PostProcessorRegistrationDelegate$BeanPostProcessorChecker - Bean 'dataSource' of type [com.alibaba.druid.spring.boot.autoconfigure.DruidDataSourceWrapper] is not eligible for getting processed by all BeanPostProcessors (for example: not eligible for auto-proxying)
[2018-10-19 09:12:03.126] [main] [INFO ] o.s.c.s.PostProcessorRegistrationDelegate$BeanPostProcessorChecker - Bean 'spring.jpa-org.springframework.boot.autoconfigure.orm.jpa.JpaProperties' of type [org.springframework.boot.autoconfigure.orm.jpa.JpaProperties] is not eligible for getting processed by all BeanPostProcessors (for example: not eligible for auto-proxying)
[2018-10-19 09:12:03.132] [main] [INFO ] o.s.c.s.PostProcessorRegistrationDelegate$BeanPostProcessorChecker - Bean 'org.springframework.boot.autoconfigure.transaction.TransactionAutoConfiguration' of type [org.springframework.boot.autoconfigure.transaction.TransactionAutoConfiguration$$EnhancerBySpringCGLIB$$53573e45] is not eligible for getting processed by all BeanPostProcessors (for example: not eligible for auto-proxying)
[2018-10-19 09:12:03.138] [main] [INFO ] o.s.c.s.PostProcessorRegistrationDelegate$BeanPostProcessorChecker - Bean 'spring.transaction-org.springframework.boot.autoconfigure.transaction.TransactionProperties' of type [org.springframework.boot.autoconfigure.transaction.TransactionProperties] is not eligible for getting processed by all BeanPostProcessors (for example: not eligible for auto-proxying)
[2018-10-19 09:12:03.141] [main] [INFO ] o.s.c.s.PostProcessorRegistrationDelegate$BeanPostProcessorChecker - Bean 'platformTransactionManagerCustomizers' of type [org.springframework.boot.autoconfigure.transaction.TransactionManagerCustomizers] is not eligible for getting processed by all BeanPostProcessors (for example: not eligible for auto-proxying)
[2018-10-19 09:12:03.148] [main] [INFO ] o.s.c.s.PostProcessorRegistrationDelegate$BeanPostProcessorChecker - Bean 'org.springframework.boot.autoconfigure.jdbc.metadata.DataSourcePoolMetadataProvidersConfiguration$HikariPoolDataSourceMetadataProviderConfiguration' of type [org.springframework.boot.autoconfigure.jdbc.metadata.DataSourcePoolMetadataProvidersConfiguration$HikariPoolDataSourceMetadataProviderConfiguration$$EnhancerBySpringCGLIB$$1f3a6b1f] is not eligible for getting processed by all BeanPostProcessors (for example: not eligible for auto-proxying)
[2018-10-19 09:12:03.152] [main] [INFO ] o.s.c.s.PostProcessorRegistrationDelegate$BeanPostProcessorChecker - Bean 'hikariPoolDataSourceMetadataProvider' of type [org.springframework.boot.autoconfigure.jdbc.metadata.DataSourcePoolMetadataProvidersConfiguration$HikariPoolDataSourceMetadataProviderConfiguration$$Lambda$342/793521364] is not eligible for getting processed by all BeanPostProcessors (for example: not eligible for auto-proxying)
[2018-10-19 09:12:03.163] [main] [INFO ] o.s.c.s.PostProcessorRegistrationDelegate$BeanPostProcessorChecker - Bean 'org.springframework.boot.autoconfigure.orm.jpa.HibernateJpaConfiguration' of type [org.springframework.boot.autoconfigure.orm.jpa.HibernateJpaConfiguration$$EnhancerBySpringCGLIB$$ddba05aa] is not eligible for getting processed by all BeanPostProcessors (for example: not eligible for auto-proxying)
[2018-10-19 09:12:03.220] [main] [INFO ] o.s.c.s.PostProcessorRegistrationDelegate$BeanPostProcessorChecker - Bean 'jpaVendorAdapter' of type [org.springframework.orm.jpa.vendor.HibernateJpaVendorAdapter] is not eligible for getting processed by all BeanPostProcessors (for example: not eligible for auto-proxying)
[2018-10-19 09:12:03.223] [main] [INFO ] o.s.c.s.PostProcessorRegistrationDelegate$BeanPostProcessorChecker - Bean 'entityManagerFactoryBuilder' of type [org.springframework.boot.orm.jpa.EntityManagerFactoryBuilder] is not eligible for getting processed by all BeanPostProcessors (for example: not eligible for auto-proxying)
[2018-10-19 09:12:03.276] [main] [INFO ] o.s.orm.jpa.LocalContainerEntityManagerFactoryBean - Building JPA container EntityManagerFactory for persistence unit 'default'
[2018-10-19 09:12:03.373] [main] [INFO ] org.hibernate.jpa.internal.util.LogHelper - HHH000204: Processing PersistenceUnitInfo [
	name: default
	...]
[2018-10-19 09:12:03.652] [main] [INFO ] org.hibernate.Version - HHH000412: Hibernate Core {5.2.17.Final}
[2018-10-19 09:12:03.663] [main] [INFO ] org.hibernate.cfg.Environment - HHH000206: hibernate.properties not found
[2018-10-19 09:12:03.724] [main] [INFO ] org.hibernate.annotations.common.Version - HCANN000001: Hibernate Commons Annotations {5.0.1.Final}
[2018-10-19 09:12:04.156] [main] [INFO ] org.hibernate.dialect.Dialect - HHH000400: Using dialect: org.hibernate.dialect.MySQL5Dialect
[2018-10-19 09:12:04.839] [main] [INFO ] o.s.c.s.PostProcessorRegistrationDelegate$BeanPostProcessorChecker - Bean '(inner bean)#7126e26' of type [org.springframework.beans.factory.config.ObjectFactoryCreatingFactoryBean] is not eligible for getting processed by all BeanPostProcessors (for example: not eligible for auto-proxying)
[2018-10-19 09:12:04.839] [main] [INFO ] o.s.c.s.PostProcessorRegistrationDelegate$BeanPostProcessorChecker - Bean '(inner bean)#7126e26' of type [org.springframework.beans.factory.config.ObjectFactoryCreatingFactoryBean$TargetBeanObjectFactory] is not eligible for getting processed by all BeanPostProcessors (for example: not eligible for auto-proxying)
[2018-10-19 09:12:05.678] [main] [INFO ] o.s.orm.jpa.LocalContainerEntityManagerFactoryBean - Initialized JPA EntityManagerFactory for persistence unit 'default'
[2018-10-19 09:12:05.681] [main] [INFO ] o.s.c.s.PostProcessorRegistrationDelegate$BeanPostProcessorChecker - Bean 'entityManagerFactory' of type [org.springframework.orm.jpa.LocalContainerEntityManagerFactoryBean] is not eligible for getting processed by all BeanPostProcessors (for example: not eligible for auto-proxying)
[2018-10-19 09:12:05.681] [main] [INFO ] o.s.c.s.PostProcessorRegistrationDelegate$BeanPostProcessorChecker - Bean 'entityManagerFactory' of type [com.sun.proxy.$Proxy98] is not eligible for getting processed by all BeanPostProcessors (for example: not eligible for auto-proxying)
[2018-10-19 09:12:05.697] [main] [INFO ] o.s.c.s.PostProcessorRegistrationDelegate$BeanPostProcessorChecker - Bean '(inner bean)#3d6a6bee' of type [com.sun.proxy.$Proxy99] is not eligible for getting processed by all BeanPostProcessors (for example: not eligible for auto-proxying)
[2018-10-19 09:12:05.746] [main] [INFO ] o.s.c.s.PostProcessorRegistrationDelegate$BeanPostProcessorChecker - Bean 'jpaMappingContext' of type [org.springframework.data.jpa.repository.config.JpaMetamodelMappingContextFactoryBean] is not eligible for getting processed by all BeanPostProcessors (for example: not eligible for auto-proxying)
[2018-10-19 09:12:05.747] [main] [INFO ] o.s.c.s.PostProcessorRegistrationDelegate$BeanPostProcessorChecker - Bean 'jpaMappingContext' of type [org.springframework.data.jpa.mapping.JpaMetamodelMappingContext] is not eligible for getting processed by all BeanPostProcessors (for example: not eligible for auto-proxying)
[2018-10-19 09:12:06.386] [main] [INFO ] o.s.c.s.PostProcessorRegistrationDelegate$BeanPostProcessorChecker - Bean 'adminUserRepository' of type [org.springframework.data.jpa.repository.support.JpaRepositoryFactoryBean] is not eligible for getting processed by all BeanPostProcessors (for example: not eligible for auto-proxying)
[2018-10-19 09:12:06.386] [main] [INFO ] o.s.c.s.PostProcessorRegistrationDelegate$BeanPostProcessorChecker - Bean 'adminUserRepository' of type [com.sun.proxy.$Proxy103] is not eligible for getting processed by all BeanPostProcessors (for example: not eligible for auto-proxying)
[2018-10-19 09:12:06.387] [main] [INFO ] o.s.c.s.PostProcessorRegistrationDelegate$BeanPostProcessorChecker - Bean 'adminUserServiceImpl' of type [com.basung.ecommerce.adminUser.AdminUserServiceImpl] is not eligible for getting processed by all BeanPostProcessors (for example: not eligible for auto-proxying)
[2018-10-19 09:12:06.406] [main] [INFO ] o.s.c.s.PostProcessorRegistrationDelegate$BeanPostProcessorChecker - Bean '(inner bean)#101330ad' of type [org.springframework.beans.factory.config.PropertiesFactoryBean] is not eligible for getting processed by all BeanPostProcessors (for example: not eligible for auto-proxying)
[2018-10-19 09:12:06.406] [main] [INFO ] o.s.c.s.PostProcessorRegistrationDelegate$BeanPostProcessorChecker - Bean '(inner bean)#101330ad' of type [java.util.Properties] is not eligible for getting processed by all BeanPostProcessors (for example: not eligible for auto-proxying)
[2018-10-19 09:12:06.407] [main] [INFO ] o.s.c.s.PostProcessorRegistrationDelegate$BeanPostProcessorChecker - Bean '(inner bean)#5c59a0f7' of type [org.springframework.data.repository.core.support.PropertiesBasedNamedQueries] is not eligible for getting processed by all BeanPostProcessors (for example: not eligible for auto-proxying)
[2018-10-19 09:12:06.407] [main] [INFO ] o.s.c.s.PostProcessorRegistrationDelegate$BeanPostProcessorChecker - Bean '(inner bean)#70fede7d' of type [org.springframework.data.repository.core.support.RepositoryFragmentsFactoryBean] is not eligible for getting processed by all BeanPostProcessors (for example: not eligible for auto-proxying)
[2018-10-19 09:12:06.407] [main] [INFO ] o.s.c.s.PostProcessorRegistrationDelegate$BeanPostProcessorChecker - Bean '(inner bean)#70fede7d' of type [org.springframework.data.repository.core.support.RepositoryComposition$RepositoryFragments] is not eligible for getting processed by all BeanPostProcessors (for example: not eligible for auto-proxying)
[2018-10-19 09:12:06.407] [main] [INFO ] o.s.c.s.PostProcessorRegistrationDelegate$BeanPostProcessorChecker - Bean '(inner bean)#5d2a86c0' of type [org.springframework.data.repository.query.ExtensionAwareEvaluationContextProvider] is not eligible for getting processed by all BeanPostProcessors (for example: not eligible for auto-proxying)
[2018-10-19 09:12:06.408] [main] [INFO ] o.s.c.s.PostProcessorRegistrationDelegate$BeanPostProcessorChecker - Bean '(inner bean)#65bd19bf' of type [com.sun.proxy.$Proxy99] is not eligible for getting processed by all BeanPostProcessors (for example: not eligible for auto-proxying)
[2018-10-19 09:12:06.423] [main] [INFO ] o.s.c.s.PostProcessorRegistrationDelegate$BeanPostProcessorChecker - Bean 'permissionRepository' of type [org.springframework.data.jpa.repository.support.JpaRepositoryFactoryBean] is not eligible for getting processed by all BeanPostProcessors (for example: not eligible for auto-proxying)
[2018-10-19 09:12:06.423] [main] [INFO ] o.s.c.s.PostProcessorRegistrationDelegate$BeanPostProcessorChecker - Bean 'permissionRepository' of type [com.sun.proxy.$Proxy106] is not eligible for getting processed by all BeanPostProcessors (for example: not eligible for auto-proxying)
[2018-10-19 09:12:06.423] [main] [INFO ] o.s.c.s.PostProcessorRegistrationDelegate$BeanPostProcessorChecker - Bean 'permissionServiceImpl' of type [com.basung.ecommerce.permission.PermissionServiceImpl] is not eligible for getting processed by all BeanPostProcessors (for example: not eligible for auto-proxying)
[2018-10-19 09:12:06.452] [main] [INFO ] o.s.c.s.PostProcessorRegistrationDelegate$BeanPostProcessorChecker - Bean 'org.springframework.boot.autoconfigure.data.redis.RedisAutoConfiguration' of type [org.springframework.boot.autoconfigure.data.redis.RedisAutoConfiguration$$EnhancerBySpringCGLIB$$b47a6e77] is not eligible for getting processed by all BeanPostProcessors (for example: not eligible for auto-proxying)
[2018-10-19 09:12:06.477] [main] [INFO ] o.s.c.s.PostProcessorRegistrationDelegate$BeanPostProcessorChecker - Bean 'stringRedisTemplate' of type [org.springframework.data.redis.core.StringRedisTemplate] is not eligible for getting processed by all BeanPostProcessors (for example: not eligible for auto-proxying)
[2018-10-19 09:12:06.477] [main] [INFO ] o.s.c.s.PostProcessorRegistrationDelegate$BeanPostProcessorChecker - Bean 'redisUtil' of type [com.basung.ecommerce.common.redis.RedisUtil] is not eligible for getting processed by all BeanPostProcessors (for example: not eligible for auto-proxying)
[2018-10-19 09:12:06.477] [main] [INFO ] o.s.c.s.PostProcessorRegistrationDelegate$BeanPostProcessorChecker - Bean 'customRealm' of type [com.basung.ecommerce.shiro.CustomRealm] is not eligible for getting processed by all BeanPostProcessors (for example: not eligible for auto-proxying)
[2018-10-19 09:12:06.989] [main] [INFO ] o.s.c.s.PostProcessorRegistrationDelegate$BeanPostProcessorChecker - Bean 'ehCacheManager' of type [org.apache.shiro.cache.ehcache.EhCacheManager] is not eligible for getting processed by all BeanPostProcessors (for example: not eligible for auto-proxying)
[2018-10-19 09:12:06.989] [main] [INFO ] org.apache.shiro.cache.ehcache.EhCacheManager - Cache with name 'com.basung.ecommerce.shiro.CustomRealm.authorizationCache' does not yet exist.  Creating now.
[2018-10-19 09:12:06.990] [main] [INFO ] org.apache.shiro.cache.ehcache.EhCacheManager - Added EhCache named [com.basung.ecommerce.shiro.CustomRealm.authorizationCache]
[2018-10-19 09:12:07.003] [main] [INFO ] o.s.c.s.PostProcessorRegistrationDelegate$BeanPostProcessorChecker - Bean 'securityManager' of type [org.apache.shiro.web.mgt.DefaultWebSecurityManager] is not eligible for getting processed by all BeanPostProcessors (for example: not eligible for auto-proxying)
[2018-10-19 09:12:07.058] [main] [INFO ] o.s.c.s.PostProcessorRegistrationDelegate$BeanPostProcessorChecker - Bean 'authorizationAttributeSourceAdvisor' of type [org.apache.shiro.spring.security.interceptor.AuthorizationAttributeSourceAdvisor] is not eligible for getting processed by all BeanPostProcessors (for example: not eligible for auto-proxying)
[2018-10-19 09:12:07.123] [main] [INFO ] o.s.c.s.PostProcessorRegistrationDelegate$BeanPostProcessorChecker - Bean 'org.springframework.transaction.annotation.ProxyTransactionManagementConfiguration' of type [org.springframework.transaction.annotation.ProxyTransactionManagementConfiguration$$EnhancerBySpringCGLIB$$bee3433b] is not eligible for getting processed by all BeanPostProcessors (for example: not eligible for auto-proxying)
[2018-10-19 09:12:08.363] [main] [INFO ] o.s.boot.web.embedded.tomcat.TomcatWebServer - Tomcat initialized with port(s): 8888 (http)
[2018-10-19 09:12:08.412] [main] [INFO ] org.apache.coyote.http11.Http11NioProtocol - Initializing ProtocolHandler ["http-nio-8888"]
[2018-10-19 09:12:08.431] [main] [INFO ] org.apache.catalina.core.StandardService - Starting service [Tomcat]
[2018-10-19 09:12:08.431] [main] [INFO ] org.apache.catalina.core.StandardEngine - Starting Servlet Engine: Apache Tomcat/8.5.34
[2018-10-19 09:12:08.438] [localhost-startStop-1] [INFO ] org.apache.catalina.core.AprLifecycleListener - The APR based Apache Tomcat Native library which allows optimal performance in production environments was not found on the java.library.path: [/Users/wangyang/Library/Java/Extensions:/Library/Java/Extensions:/Network/Library/Java/Extensions:/System/Library/Java/Extensions:/usr/lib/java:.]
[2018-10-19 09:12:08.740] [localhost-startStop-1] [INFO ] o.a.c.core.ContainerBase.[Tomcat].[localhost].[/] - Initializing Spring embedded WebApplicationContext
[2018-10-19 09:12:08.742] [localhost-startStop-1] [INFO ] org.springframework.web.context.ContextLoader - Root WebApplicationContext: initialization completed in 11294 ms
[2018-10-19 09:12:09.127] [localhost-startStop-1] [INFO ] o.s.boot.web.servlet.ServletRegistrationBean - Servlet dispatcherServlet mapped to [/]
[2018-10-19 09:12:09.129] [localhost-startStop-1] [INFO ] o.s.boot.web.servlet.ServletRegistrationBean - Servlet statViewServlet mapped to [/druid/*]
[2018-10-19 09:12:09.132] [localhost-startStop-1] [INFO ] o.s.boot.web.servlet.FilterRegistrationBean - Mapping filter: 'characterEncodingFilter' to: [/*]
[2018-10-19 09:12:09.133] [localhost-startStop-1] [INFO ] o.s.boot.web.servlet.FilterRegistrationBean - Mapping filter: 'hiddenHttpMethodFilter' to: [/*]
[2018-10-19 09:12:09.133] [localhost-startStop-1] [INFO ] o.s.boot.web.servlet.FilterRegistrationBean - Mapping filter: 'httpPutFormContentFilter' to: [/*]
[2018-10-19 09:12:09.133] [localhost-startStop-1] [INFO ] o.s.boot.web.servlet.FilterRegistrationBean - Mapping filter: 'requestContextFilter' to: [/*]
[2018-10-19 09:12:09.134] [localhost-startStop-1] [INFO ] o.s.boot.web.servlet.FilterRegistrationBean - Mapping filter: 'webStatFilter' to urls: [/*]
[2018-10-19 09:12:09.134] [localhost-startStop-1] [INFO ] o.s.boot.web.servlet.FilterRegistrationBean - Mapping filter: 'factory' to: [/*]
[2018-10-19 09:12:11.308] [main] [INFO ] o.s.w.s.m.m.a.RequestMappingHandlerMapping - Mapped "{[/admin/account/login],methods=[POST]}" onto public void com.basung.ecommerce.controller.admin.AdminLoginController.login(java.lang.String,java.lang.String,javax.servlet.http.HttpServletResponse) throws java.lang.Exception
[2018-10-19 09:12:11.315] [main] [INFO ] o.s.w.s.m.m.a.RequestMappingHandlerMapping - Mapped "{[/admin/adminUser/create],methods=[POST]}" onto public void com.basung.ecommerce.controller.admin.AdminUserController.add(com.basung.ecommerce.adminUser.AdminUser,org.springframework.validation.BindingResult,javax.servlet.http.HttpServletRequest,javax.servlet.http.HttpServletResponse) throws java.lang.Exception
[2018-10-19 09:12:11.316] [main] [INFO ] o.s.w.s.m.m.a.RequestMappingHandlerMapping - Mapped "{[/admin/adminUser/get/{id}],methods=[GET]}" onto public void com.basung.ecommerce.controller.admin.AdminUserController.get(java.lang.String,javax.servlet.http.HttpServletResponse) throws java.lang.Exception
[2018-10-19 09:12:11.317] [main] [INFO ] o.s.w.s.m.m.a.RequestMappingHandlerMapping - Mapped "{[/admin/adminUser/update],methods=[PUT]}" onto public void com.basung.ecommerce.controller.admin.AdminUserController.update(com.basung.ecommerce.adminUser.AdminUser,org.springframework.validation.Errors,javax.servlet.http.HttpServletResponse) throws java.lang.Exception
[2018-10-19 09:12:11.318] [main] [INFO ] o.s.w.s.m.m.a.RequestMappingHandlerMapping - Mapped "{[/admin/adminUser/query],methods=[GET]}" onto public void com.basung.ecommerce.controller.admin.AdminUserController.query(javax.servlet.http.HttpServletRequest,javax.servlet.http.HttpServletResponse) throws java.lang.Exception
[2018-10-19 09:12:11.319] [main] [INFO ] o.s.w.s.m.m.a.RequestMappingHandlerMapping - Mapped "{[/admin/adminUser/del/{id}],methods=[DELETE]}" onto public void com.basung.ecommerce.controller.admin.AdminUserController.del(java.lang.String,javax.servlet.http.HttpServletResponse) throws java.lang.Exception
[2018-10-19 09:12:11.332] [main] [INFO ] o.s.w.s.m.m.a.RequestMappingHandlerMapping - Mapped "{[/file/get/{id}],methods=[GET]}" onto public void com.basung.ecommerce.controller.admin.FileUploadController.get(java.lang.String,javax.servlet.http.HttpServletResponse) throws java.lang.Exception
[2018-10-19 09:12:11.335] [main] [INFO ] o.s.w.s.m.m.a.RequestMappingHandlerMapping - Mapped "{[/file/query],methods=[GET]}" onto public void com.basung.ecommerce.controller.admin.FileUploadController.query(javax.servlet.http.HttpServletRequest,javax.servlet.http.HttpServletResponse) throws java.lang.Exception
[2018-10-19 09:12:11.336] [main] [INFO ] o.s.w.s.m.m.a.RequestMappingHandlerMapping - Mapped "{[/file/upload],methods=[POST]}" onto public void com.basung.ecommerce.controller.admin.FileUploadController.upload(org.springframework.web.multipart.MultipartFile,javax.servlet.http.HttpServletRequest,javax.servlet.http.HttpServletResponse) throws java.lang.Exception
[2018-10-19 09:12:11.357] [main] [INFO ] o.s.w.s.m.m.a.RequestMappingHandlerMapping - Mapped "{[/admin/loginLog/query],methods=[GET]}" onto public void com.basung.ecommerce.controller.admin.LoginLogController.query(javax.servlet.http.HttpServletRequest,javax.servlet.http.HttpServletResponse) throws java.lang.Exception
[2018-10-19 09:12:11.383] [main] [INFO ] o.s.w.s.m.m.a.RequestMappingHandlerMapping - Mapped "{[/admin/permission/create],methods=[POST]}" onto public void com.basung.ecommerce.controller.admin.PermissionController.add(com.basung.ecommerce.permission.Permission,org.springframework.validation.Errors,javax.servlet.http.HttpServletRequest,javax.servlet.http.HttpServletResponse) throws java.lang.Exception
[2018-10-19 09:12:11.384] [main] [INFO ] o.s.w.s.m.m.a.RequestMappingHandlerMapping - Mapped "{[/admin/permission/get/{id}],methods=[GET]}" onto public void com.basung.ecommerce.controller.admin.PermissionController.get(java.lang.String,javax.servlet.http.HttpServletResponse) throws java.lang.Exception
[2018-10-19 09:12:11.392] [main] [INFO ] o.s.w.s.m.m.a.RequestMappingHandlerMapping - Mapped "{[/admin/permission/update],methods=[PUT]}" onto public void com.basung.ecommerce.controller.admin.PermissionController.update(com.basung.ecommerce.permission.Permission,org.springframework.validation.Errors,javax.servlet.http.HttpServletResponse) throws java.lang.Exception
[2018-10-19 09:12:11.398] [main] [INFO ] o.s.w.s.m.m.a.RequestMappingHandlerMapping - Mapped "{[/admin/permission/query],methods=[GET]}" onto public void com.basung.ecommerce.controller.admin.PermissionController.query(javax.servlet.http.HttpServletRequest,javax.servlet.http.HttpServletResponse) throws java.lang.Exception
[2018-10-19 09:12:11.400] [main] [INFO ] o.s.w.s.m.m.a.RequestMappingHandlerMapping - Mapped "{[/admin/permission/del/{id}],methods=[DELETE]}" onto public void com.basung.ecommerce.controller.admin.PermissionController.del(java.lang.String,javax.servlet.http.HttpServletResponse) throws java.lang.Exception
[2018-10-19 09:12:11.464] [main] [INFO ] o.s.w.s.m.m.a.RequestMappingHandlerMapping - Mapped "{[/admin/role/create],methods=[POST]}" onto public void com.basung.ecommerce.controller.admin.RoleController.add(com.basung.ecommerce.role.Role,org.springframework.validation.Errors,javax.servlet.http.HttpServletRequest,javax.servlet.http.HttpServletResponse) throws java.lang.Exception
[2018-10-19 09:12:11.466] [main] [INFO ] o.s.w.s.m.m.a.RequestMappingHandlerMapping - Mapped "{[/admin/role/get/{id}],methods=[GET]}" onto public void com.basung.ecommerce.controller.admin.RoleController.get(java.lang.String,javax.servlet.http.HttpServletResponse) throws java.lang.Exception
[2018-10-19 09:12:11.467] [main] [INFO ] o.s.w.s.m.m.a.RequestMappingHandlerMapping - Mapped "{[/admin/role/update],methods=[PUT]}" onto public void com.basung.ecommerce.controller.admin.RoleController.update(com.basung.ecommerce.role.Role,org.springframework.validation.Errors,javax.servlet.http.HttpServletRequest,javax.servlet.http.HttpServletResponse) throws java.lang.Exception
[2018-10-19 09:12:11.467] [main] [INFO ] o.s.w.s.m.m.a.RequestMappingHandlerMapping - Mapped "{[/admin/role/query],methods=[GET]}" onto public void com.basung.ecommerce.controller.admin.RoleController.query(javax.servlet.http.HttpServletRequest,javax.servlet.http.HttpServletResponse) throws java.lang.Exception
[2018-10-19 09:12:11.467] [main] [INFO ] o.s.w.s.m.m.a.RequestMappingHandlerMapping - Mapped "{[/admin/role/del/{id}],methods=[DELETE]}" onto public void com.basung.ecommerce.controller.admin.RoleController.del(java.lang.String,javax.servlet.http.HttpServletResponse) throws java.lang.Exception
[2018-10-19 09:12:11.469] [main] [INFO ] o.s.w.s.m.m.a.RequestMappingHandlerMapping - Mapped "{[/admin/rolePermission/createRolePermission],methods=[POST]}" onto public void com.basung.ecommerce.controller.admin.RolePermissionController.add(java.lang.String,java.lang.String,javax.servlet.http.HttpServletResponse) throws java.lang.Exception
[2018-10-19 09:12:11.470] [main] [INFO ] o.s.w.s.m.m.a.RequestMappingHandlerMapping - Mapped "{[/admin/rolePermission/create],methods=[POST]}" onto public void com.basung.ecommerce.controller.admin.RolePermissionController.add(com.basung.ecommerce.rolePermission.RolePermission,org.springframework.validation.Errors,javax.servlet.http.HttpServletRequest,javax.servlet.http.HttpServletResponse) throws java.lang.Exception
[2018-10-19 09:12:11.471] [main] [INFO ] o.s.w.s.m.m.a.RequestMappingHandlerMapping - Mapped "{[/admin/rolePermission/getRolePermission/{roleId}],methods=[GET]}" onto public void com.basung.ecommerce.controller.admin.RolePermissionController.get(java.lang.String,javax.servlet.http.HttpServletResponse) throws java.lang.Exception
[2018-10-19 09:12:11.479] [main] [INFO ] o.s.w.s.m.m.a.RequestMappingHandlerMapping - Mapped "{[/admin/tenant/create],methods=[POST]}" onto public void com.basung.ecommerce.controller.admin.TenantController.add(com.basung.ecommerce.tenant.Tenant,org.springframework.validation.Errors,javax.servlet.http.HttpServletRequest,javax.servlet.http.HttpServletResponse) throws java.lang.Exception
[2018-10-19 09:12:11.483] [main] [INFO ] o.s.w.s.m.m.a.RequestMappingHandlerMapping - Mapped "{[/admin/tenant/get/{id}],methods=[GET]}" onto public void com.basung.ecommerce.controller.admin.TenantController.get(java.lang.String,javax.servlet.http.HttpServletResponse) throws java.lang.Exception
[2018-10-19 09:12:11.485] [main] [INFO ] o.s.w.s.m.m.a.RequestMappingHandlerMapping - Mapped "{[/admin/tenant/update],methods=[PUT]}" onto public void com.basung.ecommerce.controller.admin.TenantController.update(com.basung.ecommerce.tenant.Tenant,org.springframework.validation.Errors,javax.servlet.http.HttpServletRequest,javax.servlet.http.HttpServletResponse) throws java.lang.Exception
[2018-10-19 09:12:11.485] [main] [INFO ] o.s.w.s.m.m.a.RequestMappingHandlerMapping - Mapped "{[/admin/tenant/query],methods=[GET]}" onto public void com.basung.ecommerce.controller.admin.TenantController.query(javax.servlet.http.HttpServletRequest,javax.servlet.http.HttpServletResponse) throws java.lang.Exception
[2018-10-19 09:12:11.486] [main] [INFO ] o.s.w.s.m.m.a.RequestMappingHandlerMapping - Mapped "{[/admin/tenant/del/{id}],methods=[DELETE]}" onto public void com.basung.ecommerce.controller.admin.TenantController.del(java.lang.String,javax.servlet.http.HttpServletResponse) throws java.lang.Exception
[2018-10-19 09:12:11.489] [main] [INFO ] o.s.w.s.m.m.a.RequestMappingHandlerMapping - Mapped "{[/article/api/category/create],methods=[POST]}" onto public void com.basung.ecommerce.controller.article.CategoryController.add(com.basung.ecommerce.article.category.Category,org.springframework.validation.Errors,javax.servlet.http.HttpServletRequest,javax.servlet.http.HttpServletResponse) throws java.lang.Exception
[2018-10-19 09:12:11.490] [main] [INFO ] o.s.w.s.m.m.a.RequestMappingHandlerMapping - Mapped "{[/article/api/category/get/{id}],methods=[GET]}" onto public void com.basung.ecommerce.controller.article.CategoryController.get(java.lang.String,javax.servlet.http.HttpServletResponse) throws java.lang.Exception
[2018-10-19 09:12:11.491] [main] [INFO ] o.s.w.s.m.m.a.RequestMappingHandlerMapping - Mapped "{[/article/api/category/update],methods=[PUT]}" onto public void com.basung.ecommerce.controller.article.CategoryController.update(com.basung.ecommerce.article.category.Category,org.springframework.validation.Errors,javax.servlet.http.HttpServletRequest,javax.servlet.http.HttpServletResponse) throws java.lang.Exception
[2018-10-19 09:12:11.491] [main] [INFO ] o.s.w.s.m.m.a.RequestMappingHandlerMapping - Mapped "{[/article/api/category/query],methods=[GET]}" onto public void com.basung.ecommerce.controller.article.CategoryController.query(javax.servlet.http.HttpServletRequest,javax.servlet.http.HttpServletResponse) throws java.lang.Exception
[2018-10-19 09:12:11.492] [main] [INFO ] o.s.w.s.m.m.a.RequestMappingHandlerMapping - Mapped "{[/article/api/category/del/{id}],methods=[DELETE]}" onto public void com.basung.ecommerce.controller.article.CategoryController.del(java.lang.String,javax.servlet.http.HttpServletResponse) throws java.lang.Exception
[2018-10-19 09:12:11.502] [main] [INFO ] o.s.w.s.m.m.a.RequestMappingHandlerMapping - Mapped "{[/article/api/news/create],methods=[POST]}" onto public void com.basung.ecommerce.controller.article.NewsController.add(com.basung.ecommerce.article.news.News,org.springframework.validation.Errors,javax.servlet.http.HttpServletRequest,javax.servlet.http.HttpServletResponse) throws java.lang.Exception
[2018-10-19 09:12:11.504] [main] [INFO ] o.s.w.s.m.m.a.RequestMappingHandlerMapping - Mapped "{[/article/api/news/get/{id}],methods=[GET]}" onto public void com.basung.ecommerce.controller.article.NewsController.get(java.lang.String,javax.servlet.http.HttpServletResponse) throws java.lang.Exception
[2018-10-19 09:12:11.506] [main] [INFO ] o.s.w.s.m.m.a.RequestMappingHandlerMapping - Mapped "{[/article/api/news/update],methods=[PUT]}" onto public void com.basung.ecommerce.controller.article.NewsController.update(com.basung.ecommerce.article.news.News,org.springframework.validation.Errors,javax.servlet.http.HttpServletRequest,javax.servlet.http.HttpServletResponse) throws java.lang.Exception
[2018-10-19 09:12:11.508] [main] [INFO ] o.s.w.s.m.m.a.RequestMappingHandlerMapping - Mapped "{[/article/api/news/query],methods=[GET]}" onto public void com.basung.ecommerce.controller.article.NewsController.query(javax.servlet.http.HttpServletRequest,javax.servlet.http.HttpServletResponse) throws java.lang.Exception
[2018-10-19 09:12:11.508] [main] [INFO ] o.s.w.s.m.m.a.RequestMappingHandlerMapping - Mapped "{[/article/api/news/del/{id}],methods=[DELETE]}" onto public void com.basung.ecommerce.controller.article.NewsController.del(java.lang.String,javax.servlet.http.HttpServletResponse) throws java.lang.Exception
[2018-10-19 09:12:11.523] [main] [INFO ] o.s.w.s.m.m.a.RequestMappingHandlerMapping - Mapped "{[/swagger-resources/configuration/ui]}" onto public org.springframework.http.ResponseEntity<springfox.documentation.swagger.web.UiConfiguration> springfox.documentation.swagger.web.ApiResourceController.uiConfiguration()
[2018-10-19 09:12:11.524] [main] [INFO ] o.s.w.s.m.m.a.RequestMappingHandlerMapping - Mapped "{[/swagger-resources/configuration/security]}" onto public org.springframework.http.ResponseEntity<springfox.documentation.swagger.web.SecurityConfiguration> springfox.documentation.swagger.web.ApiResourceController.securityConfiguration()
[2018-10-19 09:12:11.524] [main] [INFO ] o.s.w.s.m.m.a.RequestMappingHandlerMapping - Mapped "{[/swagger-resources]}" onto public org.springframework.http.ResponseEntity<java.util.List<springfox.documentation.swagger.web.SwaggerResource>> springfox.documentation.swagger.web.ApiResourceController.swaggerResources()
[2018-10-19 09:12:11.528] [main] [INFO ] o.s.w.s.m.m.a.RequestMappingHandlerMapping - Mapped "{[/error]}" onto public org.springframework.http.ResponseEntity<java.util.Map<java.lang.String, java.lang.Object>> org.springframework.boot.autoconfigure.web.servlet.error.BasicErrorController.error(javax.servlet.http.HttpServletRequest)
[2018-10-19 09:12:11.529] [main] [INFO ] o.s.w.s.m.m.a.RequestMappingHandlerMapping - Mapped "{[/error],produces=[text/html]}" onto public org.springframework.web.servlet.ModelAndView org.springframework.boot.autoconfigure.web.servlet.error.BasicErrorController.errorHtml(javax.servlet.http.HttpServletRequest,javax.servlet.http.HttpServletResponse)
[2018-10-19 09:12:11.950] [main] [INFO ] s.d.s.w.PropertySourcedRequestMappingHandlerMapping - Mapped URL path [/v2/api-docs] onto method [public org.springframework.http.ResponseEntity<springfox.documentation.spring.web.json.Json> springfox.documentation.swagger2.web.Swagger2Controller.getDocumentation(java.lang.String,javax.servlet.http.HttpServletRequest)]
[2018-10-19 09:12:12.149] [main] [INFO ] o.s.web.servlet.handler.SimpleUrlHandlerMapping - Mapped URL path [/**/favicon.ico] onto handler of type [class org.springframework.web.servlet.resource.ResourceHttpRequestHandler]
[2018-10-19 09:12:12.469] [main] [INFO ] o.s.w.s.m.m.a.RequestMappingHandlerAdapter - Looking for @ControllerAdvice: org.springframework.boot.web.servlet.context.AnnotationConfigServletWebServerApplicationContext@4f6ee6e4: startup date [Fri Oct 19 09:11:57 CST 2018]; root of context hierarchy
[2018-10-19 09:12:12.578] [main] [INFO ] o.s.web.servlet.handler.SimpleUrlHandlerMapping - Mapped URL path [/webjars/**] onto handler of type [class org.springframework.web.servlet.resource.ResourceHttpRequestHandler]
[2018-10-19 09:12:12.578] [main] [INFO ] o.s.web.servlet.handler.SimpleUrlHandlerMapping - Mapped URL path [/**] onto handler of type [class org.springframework.web.servlet.resource.ResourceHttpRequestHandler]
[2018-10-19 09:12:12.578] [main] [INFO ] o.s.web.servlet.handler.SimpleUrlHandlerMapping - Mapped URL path [/swagger-ui.html] onto handler of type [class org.springframework.web.servlet.resource.ResourceHttpRequestHandler]
[2018-10-19 09:12:12.578] [main] [INFO ] o.s.web.servlet.handler.SimpleUrlHandlerMapping - Mapped URL path [/static/] onto handler of type [class org.springframework.web.servlet.resource.ResourceHttpRequestHandler]
[2018-10-19 09:12:12.618] [main] [INFO ] o.s.w.s.m.m.a.ExceptionHandlerExceptionResolver - Detected @ExceptionHandler methods in globalExceptionHandler
[2018-10-19 09:12:13.426] [main] [INFO ] o.s.jmx.export.annotation.AnnotationMBeanExporter - Registering beans for JMX exposure on startup
[2018-10-19 09:12:13.429] [main] [INFO ] o.s.jmx.export.annotation.AnnotationMBeanExporter - Bean with name 'statFilter' has been autodetected for JMX exposure
[2018-10-19 09:12:13.429] [main] [INFO ] o.s.jmx.export.annotation.AnnotationMBeanExporter - Bean with name 'dataSource' has been autodetected for JMX exposure
[2018-10-19 09:12:13.448] [main] [INFO ] o.s.jmx.export.annotation.AnnotationMBeanExporter - Located MBean 'dataSource': registering with JMX server as MBean [com.alibaba.druid.spring.boot.autoconfigure:name=dataSource,type=DruidDataSourceWrapper]
[2018-10-19 09:12:13.449] [main] [INFO ] o.s.jmx.export.annotation.AnnotationMBeanExporter - Located MBean 'statFilter': registering with JMX server as MBean [com.alibaba.druid.filter.stat:name=statFilter,type=StatFilter]
[2018-10-19 09:12:13.455] [main] [INFO ] o.s.context.support.DefaultLifecycleProcessor - Starting beans in phase 2147483647
[2018-10-19 09:12:13.455] [main] [INFO ] s.d.s.web.plugins.DocumentationPluginsBootstrapper - Context refreshed
[2018-10-19 09:12:13.481] [main] [INFO ] s.d.s.web.plugins.DocumentationPluginsBootstrapper - Found 1 custom documentation plugin(s)
[2018-10-19 09:12:13.522] [main] [INFO ] s.d.spring.web.scanners.ApiListingReferenceScanner - Scanning for api listing references
[2018-10-19 09:12:13.909] [main] [INFO ] s.d.s.w.r.operation.CachingOperationNameGenerator - Generating unique operation named: addUsingPOST_1
[2018-10-19 09:12:13.926] [main] [INFO ] s.d.s.w.r.operation.CachingOperationNameGenerator - Generating unique operation named: delUsingDELETE_1
[2018-10-19 09:12:13.940] [main] [INFO ] s.d.s.w.r.operation.CachingOperationNameGenerator - Generating unique operation named: getUsingGET_1
[2018-10-19 09:12:13.945] [main] [INFO ] s.d.s.w.r.operation.CachingOperationNameGenerator - Generating unique operation named: queryUsingGET_1
[2018-10-19 09:12:13.959] [main] [INFO ] s.d.s.w.r.operation.CachingOperationNameGenerator - Generating unique operation named: updateUsingPUT_1
[2018-10-19 09:12:13.967] [main] [INFO ] s.d.s.w.r.operation.CachingOperationNameGenerator - Generating unique operation named: getUsingGET_2
[2018-10-19 09:12:13.971] [main] [INFO ] s.d.s.w.r.operation.CachingOperationNameGenerator - Generating unique operation named: queryUsingGET_2
[2018-10-19 09:12:13.982] [main] [INFO ] s.d.s.w.r.operation.CachingOperationNameGenerator - Generating unique operation named: queryUsingGET_3
[2018-10-19 09:12:13.994] [main] [INFO ] s.d.s.w.r.operation.CachingOperationNameGenerator - Generating unique operation named: addUsingPOST_2
[2018-10-19 09:12:13.997] [main] [INFO ] s.d.s.w.r.operation.CachingOperationNameGenerator - Generating unique operation named: delUsingDELETE_2
[2018-10-19 09:12:14.006] [main] [INFO ] s.d.s.w.r.operation.CachingOperationNameGenerator - Generating unique operation named: getUsingGET_3
[2018-10-19 09:12:14.012] [main] [INFO ] s.d.s.w.r.operation.CachingOperationNameGenerator - Generating unique operation named: queryUsingGET_4
[2018-10-19 09:12:14.017] [main] [INFO ] s.d.s.w.r.operation.CachingOperationNameGenerator - Generating unique operation named: updateUsingPUT_2
[2018-10-19 09:12:14.025] [main] [INFO ] s.d.s.w.r.operation.CachingOperationNameGenerator - Generating unique operation named: addUsingPOST_3
[2018-10-19 09:12:14.029] [main] [INFO ] s.d.s.w.r.operation.CachingOperationNameGenerator - Generating unique operation named: delUsingDELETE_3
[2018-10-19 09:12:14.042] [main] [INFO ] s.d.s.w.r.operation.CachingOperationNameGenerator - Generating unique operation named: getUsingGET_4
[2018-10-19 09:12:14.064] [main] [INFO ] s.d.s.w.r.operation.CachingOperationNameGenerator - Generating unique operation named: queryUsingGET_5
[2018-10-19 09:12:14.068] [main] [INFO ] s.d.s.w.r.operation.CachingOperationNameGenerator - Generating unique operation named: updateUsingPUT_3
[2018-10-19 09:12:14.076] [main] [INFO ] s.d.s.w.r.operation.CachingOperationNameGenerator - Generating unique operation named: addUsingPOST_4
[2018-10-19 09:12:14.081] [main] [INFO ] s.d.s.w.r.operation.CachingOperationNameGenerator - Generating unique operation named: delUsingDELETE_4
[2018-10-19 09:12:14.088] [main] [INFO ] s.d.s.w.r.operation.CachingOperationNameGenerator - Generating unique operation named: getUsingGET_5
[2018-10-19 09:12:14.092] [main] [INFO ] s.d.s.w.r.operation.CachingOperationNameGenerator - Generating unique operation named: queryUsingGET_6
[2018-10-19 09:12:14.097] [main] [INFO ] s.d.s.w.r.operation.CachingOperationNameGenerator - Generating unique operation named: updateUsingPUT_4
[2018-10-19 09:12:14.103] [main] [INFO ] s.d.s.w.r.operation.CachingOperationNameGenerator - Generating unique operation named: addUsingPOST_5
[2018-10-19 09:12:14.109] [main] [INFO ] s.d.s.w.r.operation.CachingOperationNameGenerator - Generating unique operation named: addUsingPOST_6
[2018-10-19 09:12:14.116] [main] [INFO ] s.d.s.w.r.operation.CachingOperationNameGenerator - Generating unique operation named: getUsingGET_6
[2018-10-19 09:12:14.133] [main] [INFO ] s.d.s.w.r.operation.CachingOperationNameGenerator - Generating unique operation named: addUsingPOST_7
[2018-10-19 09:12:14.152] [main] [INFO ] s.d.s.w.r.operation.CachingOperationNameGenerator - Generating unique operation named: delUsingDELETE_5
[2018-10-19 09:12:14.184] [main] [INFO ] s.d.s.w.r.operation.CachingOperationNameGenerator - Generating unique operation named: getUsingGET_7
[2018-10-19 09:12:14.193] [main] [INFO ] s.d.s.w.r.operation.CachingOperationNameGenerator - Generating unique operation named: queryUsingGET_7
[2018-10-19 09:12:14.201] [main] [INFO ] s.d.s.w.r.operation.CachingOperationNameGenerator - Generating unique operation named: updateUsingPUT_5
[2018-10-19 09:12:14.258] [main] [INFO ] org.apache.coyote.http11.Http11NioProtocol - Starting ProtocolHandler ["http-nio-8888"]
[2018-10-19 09:12:14.301] [main] [INFO ] org.apache.tomcat.util.net.NioSelectorPool - Using a shared selector for servlet write/read
[2018-10-19 09:12:14.333] [main] [INFO ] o.s.boot.web.embedded.tomcat.TomcatWebServer - Tomcat started on port(s): 8888 (http) with context path ''
[2018-10-19 09:12:14.354] [main] [INFO ] com.basung.ecommerce.Application - Started Application in 18.973 seconds (JVM running for 21.138)
[2018-10-19 09:12:14.368] [main] [INFO ] com.basung.ecommerce.Application - Application is success!
[2018-10-19 09:12:17.445] [http-nio-8888-exec-1] [INFO ] o.a.c.core.ContainerBase.[Tomcat].[localhost].[/] - Initializing Spring FrameworkServlet 'dispatcherServlet'
[2018-10-19 09:12:17.445] [http-nio-8888-exec-1] [INFO ] org.springframework.web.servlet.DispatcherServlet - FrameworkServlet 'dispatcherServlet': initialization started
[2018-10-19 09:12:17.475] [http-nio-8888-exec-1] [INFO ] org.springframework.web.servlet.DispatcherServlet - FrameworkServlet 'dispatcherServlet': initialization completed in 30 ms
[2018-10-19 09:29:56.684] [Thread-41] [INFO ] o.s.b.w.s.c.AnnotationConfigServletWebServerApplicationContext - Closing org.springframework.boot.web.servlet.context.AnnotationConfigServletWebServerApplicationContext@4f6ee6e4: startup date [Fri Oct 19 09:11:57 CST 2018]; root of context hierarchy
[2018-10-19 09:29:56.720] [Thread-41] [INFO ] o.s.context.support.DefaultLifecycleProcessor - Stopping beans in phase 2147483647
[2018-10-19 09:29:56.728] [Thread-41] [INFO ] o.s.jmx.export.annotation.AnnotationMBeanExporter - Unregistering JMX-exposed beans on shutdown
[2018-10-19 09:29:56.730] [Thread-41] [INFO ] o.s.jmx.export.annotation.AnnotationMBeanExporter - Unregistering JMX-exposed beans
[2018-10-19 09:29:56.753] [Thread-41] [INFO ] o.s.orm.jpa.LocalContainerEntityManagerFactoryBean - Closing JPA EntityManagerFactory for persistence unit 'default'
[2018-10-19 09:29:56.769] [Thread-41] [INFO ] com.alibaba.druid.pool.DruidDataSource - {dataSource-1} closed
